Removed Pin From Net: NetName=GND Pin=C30-1
Removed Pin From Net: NetName=VBAT/2V75 Pin=C30-2
Removed Pin From Net: NetName=GND Pin=C31-1
Removed Pin From Net: NetName=GND Pin=C40-1
Removed Pin From Net: NetName=VBAT/2V75 Pin=C40-2
Removed Pin From Net: NetName=GND Pin=C41-1
Removed Pin From Net: NetName=VBAT/2V75 Pin=C41-2
Removed Pin From Net: NetName=GND Pin=C42-1
Removed Pin From Net: NetName=GND Pin=C60-1
Removed Pin From Net: NetName=VBAT/2V75 Pin=C60-2
Removed Pin From Net: NetName=GND Pin=C61-1
Removed Pin From Net: NetName=VBAT/2V75 Pin=C61-2
Removed Pin From Net: NetName=GND Pin=C70-1
Removed Pin From Net: NetName=VBAT/2V75 Pin=C70-2
Removed Pin From Net: NetName=ACCEL_INT Pin=D50-1
Removed Pin From Net: NetName=BARO_INT Pin=D50-2
Removed Pin From Net: NetName=IMP_WAKEUP Pin=D50-3
Removed Pin From Net: NetName=ALS_INT_L Pin=Q30-1
Removed Pin From Net: NetName=VBAT/2V75 Pin=Q30-2
Removed Pin From Net: NetName=IMP_WAKEUP Pin=Q30-3
Removed Pin From Net: NetName=MAG_INT_L Pin=Q40-1
Removed Pin From Net: NetName=VBAT/2V75 Pin=Q40-2
Removed Pin From Net: NetName=IMP_WAKEUP Pin=Q40-3
Removed Pin From Net: NetName=TMP102_INT_L Pin=Q70-1
Removed Pin From Net: NetName=VBAT/2V75 Pin=Q70-2
Removed Pin From Net: NetName=IMP_WAKEUP Pin=Q70-3
Removed Pin From Net: NetName=VBAT/2V75 Pin=R30-1
Removed Pin From Net: NetName=ALS_INT_L Pin=R30-2
Removed Pin From Net: NetName=VBAT/2V75 Pin=R31-1
Removed Pin From Net: NetName=VBAT/2V75 Pin=R40-1
Removed Pin From Net: NetName=MAG_INT_L Pin=R40-2
Removed Pin From Net: NetName=VBAT/2V75 Pin=R60-1
Removed Pin From Net: NetName=GND Pin=R61-2
Removed Pin From Net: NetName=TMP102_INT_L Pin=R70-1
Removed Pin From Net: NetName=VBAT/2V75 Pin=R70-2
Removed Pin From Net: NetName=SDA Pin=U30-1
Removed Pin From Net: NetName=SCL Pin=U30-2
Removed Pin From Net: NetName=VBAT/2V75 Pin=U30-3
Removed Pin From Net: NetName=ALS_INT_L Pin=U30-4
Removed Pin From Net: NetName=VBAT/2V75 Pin=U30-6
Removed Pin From Net: NetName=VBAT/2V75 Pin=U30-7
Removed Pin From Net: NetName=GND Pin=U30-8
Removed Pin From Net: NetName=SCL Pin=U40-1
Removed Pin From Net: NetName=GND Pin=U40-2
Removed Pin From Net: NetName=GND Pin=U40-3
Removed Pin From Net: NetName=VBAT/2V75 Pin=U40-5
Removed Pin From Net: NetName=VBAT/2V75 Pin=U40-6
Removed Pin From Net: NetName=MAG_INT_L Pin=U40-7
Removed Pin From Net: NetName=MAG_DRDY Pin=U40-8
Removed Pin From Net: NetName=VBAT/2V75 Pin=U40-9
Removed Pin From Net: NetName=VBAT/2V75 Pin=U40-10
Removed Pin From Net: NetName=SDA Pin=U40-11
Removed Pin From Net: NetName=GND Pin=U40-12
Removed Pin From Net: NetName=ACCEL_INT Pin=U50-11
Removed Pin From Net: NetName=VBAT/2V75 Pin=U60-1
Removed Pin From Net: NetName=SCL Pin=U60-2
Removed Pin From Net: NetName=GND Pin=U60-3
Removed Pin From Net: NetName=SDA Pin=U60-4
Removed Pin From Net: NetName=VBAT/2V75 Pin=U60-6
Removed Pin From Net: NetName=BARO_INT Pin=U60-7
Removed Pin From Net: NetName=GND Pin=U60-8
Removed Pin From Net: NetName=GND Pin=U60-9
Removed Pin From Net: NetName=VBAT/2V75 Pin=U60-10
Removed Pin From Net: NetName=SCL Pin=U70-1
Removed Pin From Net: NetName=GND Pin=U70-2
Removed Pin From Net: NetName=TMP102_INT_L Pin=U70-3
Removed Pin From Net: NetName=VBAT/2V75 Pin=U70-4
Removed Pin From Net: NetName=VBAT/2V75 Pin=U70-5
Removed Pin From Net: NetName=SDA Pin=U70-6
Removed Member From Class: ClassName=nora_chirp Member=C30
Removed Member From Class: ClassName=nora_chirp Member=C31
Removed Member From Class: ClassName=nora_chirp Member=C40
Removed Member From Class: ClassName=nora_chirp Member=C41
Removed Member From Class: ClassName=nora_chirp Member=C42
Removed Member From Class: ClassName=nora_chirp Member=C60
Removed Member From Class: ClassName=nora_chirp Member=C61
Removed Member From Class: ClassName=nora_chirp Member=C70
Removed Member From Class: ClassName=nora_chirp Member=D30
Removed Member From Class: ClassName=nora_chirp Member=D50
Removed Member From Class: ClassName=nora_chirp Member=Q30
Removed Member From Class: ClassName=nora_chirp Member=Q40
Removed Member From Class: ClassName=nora_chirp Member=Q70
Removed Member From Class: ClassName=nora_chirp Member=R30
Removed Member From Class: ClassName=nora_chirp Member=R31
Removed Member From Class: ClassName=nora_chirp Member=R40
Removed Member From Class: ClassName=nora_chirp Member=R60
Removed Member From Class: ClassName=nora_chirp Member=R61
Removed Member From Class: ClassName=nora_chirp Member=R70
Removed Member From Class: ClassName=nora_chirp Member=U30
Removed Member From Class: ClassName=nora_chirp Member=U40
Removed Member From Class: ClassName=nora_chirp Member=U60
Removed Member From Class: ClassName=nora_chirp Member=U70
Added Pin To Net: NetName=IMP_WAKEUP Pin=U50-11
