Removed Pin From Net: NetName=GND Pin=C15-1
Removed Pin From Net: NetName=VBAT/2V75 Pin=R5-1
Removed Pin From Net: NetName=VBAT/2V75 Pin=R6-1
Removed Pin From Net: NetName=SDA_SEN Pin=U3-1
Removed Pin From Net: NetName=SDA Pin=U3-2
Removed Pin From Net: NetName=3V0_SENS Pin=U3-3
Removed Pin From Net: NetName=GND Pin=U3-4
Removed Pin From Net: NetName=SCL_SEN Pin=U3-5
Removed Pin From Net: NetName=SCL Pin=U3-6
Removed Pin From Net: NetName=3V0_SENS Pin=U3-7
Removed Member From Class: ClassName=nora_chirp Member=C15
Removed Member From Class: ClassName=nora_chirp Member=U3
Change Component Kind : Designator=U70 Old Kind=Standard New Kind=Standard (No BOM)
Change Component Kind : Designator=U60 Old Kind=Standard New Kind=Standard (No BOM)
Change Component Kind : Designator=U40 Old Kind=Standard New Kind=Standard (No BOM)
Change Component Kind : Designator=Q70 Old Kind=Standard New Kind=Standard (No BOM)
Change Component Kind : Designator=Q40 Old Kind=Standard New Kind=Standard (No BOM)
Change Component Kind : Designator=Q30 Old Kind=Standard New Kind=Standard (No BOM)
Change Component Kind : Designator=C60 Old Kind=Standard New Kind=Standard (No BOM)
Added Pin To Net: NetName=3V0_SENS Pin=R5-1
Added Pin To Net: NetName=3V0_SENS Pin=R6-1
