Removed Pin From Net: NetName=SDA Pin=R7-1
Removed Pin From Net: NetName=VBAT/3V0 Pin=R7-2
Removed Pin From Net: NetName=SCL Pin=R8-1
Removed Pin From Net: NetName=VBAT/3V0 Pin=R8-2
Added Component: Designator=C6(CAPC1005X07N)
Added Component: Designator=R7(RESC1005X04N)
Added Component: Designator=R8(RESC1005X04N)
Added Component: Designator=U3(TSSOP50P310X100-8N)
Added Pin To Net: NetName=GND Pin=C6-1
Added Pin To Net: NetName=VBAT/3V0 Pin=C6-2
Added Pin To Net: NetName=OPTO_IN Pin=R7-1
Added Pin To Net: NetName=SDA Pin=R7-1
Added Pin To Net: NetName=GND Pin=R7-2
Added Pin To Net: NetName=VBAT/3V0 Pin=R7-2
Added Pin To Net: NetName=3V0_SENS Pin=R8-1
Added Pin To Net: NetName=SCL Pin=R8-1
Added Pin To Net: NetName=SENS_DRAIN Pin=R8-2
Added Pin To Net: NetName=VBAT/3V0 Pin=R8-2
Added Pin To Net: NetName=SDA_SEN Pin=U3-1
Added Pin To Net: NetName=SDA Pin=U3-2
Added Pin To Net: NetName=3V0_SENS Pin=U3-3
Added Pin To Net: NetName=GND Pin=U3-4
Added Pin To Net: NetName=SCL_SEN Pin=U3-5
Added Pin To Net: NetName=SCL Pin=U3-6
Added Pin To Net: NetName=3V0_SENS Pin=U3-7
Added Pin To Net: NetName=VBAT/3V0 Pin=U3-8
Added Member To Class: ClassName=nora_chirp Member=Component C6 Ceramic Capacitor
Added Member To Class: ClassName=nora_chirp Member=Component U3 74LVC2G66
